# JRE version: OpenJDK Runtime Environment (11.0.12) (build 11.0.12+0-b1504.28-7817840)
# Java VM: OpenJDK 64-Bit Server VM (11.0.12+0-b1504.28-7817840, mixed mode, tiered, compressed oops, g1 gc, linux-amd64)
Heap:
 garbage-first heap   total 416768K, used 149504K [0x0000000080000000, 0x0000000100000000)
  region size 1024K, 33 young (33792K), 17 survivors (17408K)
 Metaspace       used 106128K, capacity 109346K, committed 109560K, reserved 1144832K
  class space    used 13507K, capacity 14604K, committed 14720K, reserved 1048576K
GC Heap History (20 events):
Event: 18.443 GC heap before
{Heap before GC invocations=19 (full 0):
 garbage-first heap   total 416768K, used 318695K [0x0000000080000000, 0x0000000100000000)
  region size 1024K, 244 young (249856K), 10 survivors (10240K)
 Metaspace       used 63582K, capacity 65345K, committed 65536K, reserved 1105920K
  class space    used 8028K, capacity 8655K, committed 8704K, reserved 1048576K
}
Event: 18.472 GC heap after
{Heap after GC invocations=20 (full 0):
 garbage-first heap   total 416768K, used 80741K [0x0000000080000000, 0x0000000100000000)
  region size 1024K, 12 young (12288K), 12 survivors (12288K)
 Metaspace       used 63582K, capacity 65345K, committed 65536K, reserved 1105920K
  class space    used 8028K, capacity 8655K, committed 8704K, reserved 1048576K
}
Event: 19.138 GC heap before
{Heap before GC invocations=20 (full 0):
 garbage-first heap   total 416768K, used 318309K [0x0000000080000000, 0x0000000100000000)
  region size 1024K, 244 young (249856K), 12 survivors (12288K)
 Metaspace       used 63582K, capacity 65345K, committed 65536K, reserved 1105920K
  class space    used 8028K, capacity 8655K, committed 8704K, reserved 1048576K
}
Event: 19.151 GC heap after
{Heap after GC invocations=21 (full 0):
 garbage-first heap   total 416768K, used 81832K [0x0000000080000000, 0x0000000100000000)
  region size 1024K, 13 young (13312K), 13 survivors (13312K)
 Metaspace       used 63582K, capacity 65345K, committed 65536K, reserved 1105920K
  class space    used 8028K, capacity 8655K, committed 8704K, reserved 1048576K
}
Event: 19.588 GC heap before
{Heap before GC invocations=21 (full 0):
 garbage-first heap   total 416768K, used 318376K [0x0000000080000000, 0x0000000100000000)
  region size 1024K, 244 young (249856K), 13 survivors (13312K)
 Metaspace       used 63582K, capacity 65345K, committed 65536K, reserved 1105920K
  class space    used 8028K, capacity 8655K, committed 8704K, reserved 1048576K
}
Event: 19.599 GC heap after
{Heap after GC invocations=22 (full 0):
 garbage-first heap   total 416768K, used 82870K [0x0000000080000000, 0x0000000100000000)
  region size 1024K, 14 young (14336K), 14 survivors (14336K)
 Metaspace       used 63582K, capacity 65345K, committed 65536K, reserved 1105920K
  class space    used 8028K, capacity 8655K, committed 8704K, reserved 1048576K
}
Event: 20.108 GC heap before
{Heap before GC invocations=22 (full 0):
 garbage-first heap   total 416768K, used 318390K [0x0000000080000000, 0x0000000100000000)
  region size 1024K, 244 young (249856K), 14 survivors (14336K)
 Metaspace       used 63584K, capacity 65345K, committed 65536K, reserved 1105920K
  class space    used 8029K, capacity 8655K, committed 8704K, reserved 1048576K
}
Event: 20.126 GC heap after
{Heap after GC invocations=23 (full 0):
 garbage-first heap   total 416768K, used 84406K [0x0000000080000000, 0x0000000100000000)
  region size 1024K, 15 young (15360K), 15 survivors (15360K)
 Metaspace       used 63584K, capacity 65345K, committed 65536K, reserved 1105920K
  class space    used 8029K, capacity 8655K, committed 8704K, reserved 1048576K
}
Event: 21.772 GC heap before
{Heap before GC invocations=23 (full 0):
 garbage-first heap   total 416768K, used 322998K [0x0000000080000000, 0x0000000100000000)
  region size 1024K, 244 young (249856K), 15 survivors (15360K)
 Metaspace       used 63751K, capacity 65505K, committed 65792K, reserved 1105920K
  class space    used 8041K, capacity 8664K, committed 8704K, reserved 1048576K
}
Event: 21.793 GC heap after
{Heap after GC invocations=24 (full 0):
 garbage-first heap   total 416768K, used 77238K [0x0000000080000000, 0x0000000100000000)
  region size 1024K, 8 young (8192K), 8 survivors (8192K)
 Metaspace       used 63751K, capacity 65505K, committed 65792K, reserved 1105920K
  class space    used 8041K, capacity 8664K, committed 8704K, reserved 1048576K
}
Event: 22.171 GC heap before
{Heap before GC invocations=24 (full 0):
 garbage-first heap   total 416768K, used 318902K [0x0000000080000000, 0x0000000100000000)
  region size 1024K, 244 young (249856K), 8 survivors (8192K)
 Metaspace       used 63753K, capacity 65505K, committed 65792K, reserved 1105920K
  class space    used 8041K, capacity 8664K, committed 8704K, reserved 1048576K
}
Event: 22.179 GC heap after
{Heap after GC invocations=25 (full 0):
 garbage-first heap   total 416768K, used 80310K [0x0000000080000000, 0x0000000100000000)
  region size 1024K, 11 young (11264K), 11 survivors (11264K)
 Metaspace       used 63753K, capacity 65505K, committed 65792K, reserved 1105920K
  class space    used 8041K, capacity 8664K, committed 8704K, reserved 1048576K
}
Event: 23.375 GC heap before
{Heap before GC invocations=25 (full 0):
 garbage-first heap   total 416768K, used 326070K [0x0000000080000000, 0x0000000100000000)
  region size 1024K, 244 young (249856K), 11 survivors (11264K)
 Metaspace       used 70700K, capacity 72643K, committed 72832K, reserved 1112064K
  class space    used 8867K, capacity 9539K, committed 9600K, reserved 1048576K
}
Event: 23.398 GC heap after
{Heap after GC invocations=26 (full 0):
 garbage-first heap   total 416768K, used 91528K [0x0000000080000000, 0x0000000100000000)
  region size 1024K, 17 young (17408K), 17 survivors (17408K)
 Metaspace       used 70700K, capacity 72643K, committed 72832K, reserved 1112064K
  class space    used 8867K, capacity 9539K, committed 9600K, reserved 1048576K
}
Event: 25.779 GC heap before
{Heap before GC invocations=26 (full 0):
 garbage-first heap   total 416768K, used 323976K [0x0000000080000000, 0x0000000100000000)
  region size 1024K, 244 young (249856K), 17 survivors (17408K)
 Metaspace       used 87658K, capacity 89915K, committed 90112K, reserved 1128448K
  class space    used 11217K, capacity 12008K, committed 12032K, reserved 1048576K
}
Event: 25.831 GC heap after
{Heap after GC invocations=27 (full 0):
 garbage-first heap   total 416768K, used 106518K [0x0000000080000000, 0x0000000100000000)
  region size 1024K, 31 young (31744K), 31 survivors (31744K)
 Metaspace       used 87658K, capacity 89915K, committed 90112K, reserved 1128448K
  class space    used 11217K, capacity 12008K, committed 12032K, reserved 1048576K
}
Event: 358.701 GC heap before
{Heap before GC invocations=27 (full 0):
 garbage-first heap   total 416768K, used 334870K [0x0000000080000000, 0x0000000100000000)
  region size 1024K, 244 young (249856K), 31 survivors (31744K)
 Metaspace       used 99233K, capacity 102132K, committed 102400K, reserved 1138688K
  class space    used 12635K, capacity 13699K, committed 13824K, reserved 1048576K
}
Event: 358.740 GC heap after
{Heap after GC invocations=28 (full 0):
 garbage-first heap   total 416768K, used 132455K [0x0000000080000000, 0x0000000100000000)
  region size 1024K, 31 young (31744K), 31 survivors (31744K)
 Metaspace       used 99233K, capacity 102132K, committed 102400K, reserved 1138688K
  class space    used 12635K, capacity 13699K, committed 13824K, reserved 1048576K
}
Event: 425.379 GC heap before
{Heap before GC invocations=28 (full 0):
 garbage-first heap   total 416768K, used 339303K [0x0000000080000000, 0x0000000100000000)
  region size 1024K, 234 young (239616K), 31 survivors (31744K)
 Metaspace       used 105915K, capacity 109157K, committed 109228K, reserved 1144832K
  class space    used 13487K, capacity 14592K, committed 14592K, reserved 1048576K
}
Event: 425.414 GC heap after
{Heap after GC invocations=29 (full 0):
 garbage-first heap   total 416768K, used 134144K [0x0000000080000000, 0x0000000100000000)
  region size 1024K, 17 young (17408K), 17 survivors (17408K)
 Metaspace       used 105915K, capacity 109157K, committed 109228K, reserved 1144832K
  class space    used 13487K, capacity 14592K, committed 14592K, reserved 1048576K
}

